[21:00:07.141][INFO]: Successfully injected RecipeFS file system
[21:00:07.297][INFO]: Successfully identified and loaded plugin crafttweaker:builtin
[21:00:07.305][INFO]: Successfully identified and loaded plugin crafttweaker:builtin_forge
[21:00:07.311][INFO]: Successfully identified and loaded plugin mekanism:crt_plugin
[21:00:07.317][INFO]: Successfully identified and loaded plugin farmersdelight:crafttweaker_plugin
[21:00:11.886][INFO]: The following mods have explicit CraftTweaker support through the default plugin:
[21:00:11.896][INFO]: - 'crafttweaker' at version '10.1.55'
[21:00:11.896][INFO]: - 'extendedcrafting' at version '5.1.10'
[21:00:11.896][INFO]: - 'farmersdelight' at version '1.19.2-1.2.4'
[21:00:11.896][INFO]: - 'mekanism' at version '10.3.9'
[21:00:11.896][INFO]: - 'mysticalagriculture' at version '6.0.17'
[21:00:39.408][INFO]: Started loading scripts for loader 'mekanismcontent'
[21:00:39.886][INFO]: Compiling and executing scripts
[21:00:40.820][INFO]: Successfully initialized modules [mods, crafttweaker, expansions]
[21:00:40.998][INFO]: Execution for loader 'mekanismcontent' completed successfully
[21:00:40.998][INFO]: Registering 0 custom gases.
[21:00:41.010][INFO]: Registering 0 custom infuse types.
[21:00:41.031][INFO]: Registering 0 custom pigments.
[21:00:41.043][INFO]: Registering 0 custom robit skins.
[21:00:41.054][INFO]: Registering 0 custom slurries.
[21:00:49.690][INFO]: Started loading scripts for loader 'initialize'
[21:00:49.747][INFO]: Compiling and executing scripts
[21:00:49.749][INFO]: Successfully initialized modules [crafttweaker, expansions]
[21:00:49.768][INFO]: Execution for loader 'initialize' completed successfully
